# JRE version: OpenJDK Runtime Environment (11.0.11+9) (build 11.0.11+9-b60-7590822)
# Java VM: OpenJDK 64-Bit Server VM (11.0.11+9-b60-7590822, mixed mode, tiered, compressed oops, g1 gc, windows-amd64)
Heap:
 garbage-first heap   total 312320K, used 227598K [0x0000000080000000, 0x0000000100000000)
  region size 1024K, 79 young (80896K), 12 survivors (12288K)
 Metaspace       used 104072K, capacity 106726K, committed 107136K, reserved 1142784K
  class space    used 12835K, capacity 13838K, committed 14028K, reserved 1048576K
GC Heap History (20 events):
Event: 99.634 GC heap before
{Heap before GC invocations=24 (full 0):
 garbage-first heap   total 312320K, used 162096K [0x0000000080000000, 0x0000000100000000)
  region size 1024K, 15 young (15360K), 6 survivors (6144K)
 Metaspace       used 99304K, capacity 101909K, committed 102784K, reserved 1138688K
  class space    used 12499K, capacity 13499K, committed 13772K, reserved 1048576K
}
Event: 99.640 GC heap after
{Heap after GC invocations=25 (full 0):
 garbage-first heap   total 312320K, used 143712K [0x0000000080000000, 0x0000000100000000)
  region size 1024K, 1 young (1024K), 1 survivors (1024K)
 Metaspace       used 99304K, capacity 101909K, committed 102784K, reserved 1138688K
  class space    used 12499K, capacity 13499K, committed 13772K, reserved 1048576K
}
Event: 99.825 GC heap before
{Heap before GC invocations=25 (full 0):
 garbage-first heap   total 312320K, used 203104K [0x0000000080000000, 0x0000000100000000)
  region size 1024K, 60 young (61440K), 1 survivors (1024K)
 Metaspace       used 99434K, capacity 102044K, committed 102784K, reserved 1138688K
  class space    used 12505K, capacity 13501K, committed 13772K, reserved 1048576K
}
Event: 99.830 GC heap after
{Heap after GC invocations=26 (full 0):
 garbage-first heap   total 312320K, used 148602K [0x0000000080000000, 0x0000000100000000)
  region size 1024K, 6 young (6144K), 6 survivors (6144K)
 Metaspace       used 99434K, capacity 102044K, committed 102784K, reserved 1138688K
  class space    used 12505K, capacity 13501K, committed 13772K, reserved 1048576K
}
Event: 100.261 GC heap before
{Heap before GC invocations=27 (full 0):
 garbage-first heap   total 312320K, used 249978K [0x0000000080000000, 0x0000000100000000)
  region size 1024K, 91 young (93184K), 6 survivors (6144K)
 Metaspace       used 102077K, capacity 104655K, committed 105344K, reserved 1140736K
  class space    used 12715K, capacity 13704K, committed 14028K, reserved 1048576K
}
Event: 100.267 GC heap after
{Heap after GC invocations=28 (full 0):
 garbage-first heap   total 312320K, used 144736K [0x0000000080000000, 0x0000000100000000)
  region size 1024K, 4 young (4096K), 4 survivors (4096K)
 Metaspace       used 102077K, capacity 104655K, committed 105344K, reserved 1140736K
  class space    used 12715K, capacity 13704K, committed 14028K, reserved 1048576K
}
Event: 100.312 GC heap before
{Heap before GC invocations=28 (full 0):
 garbage-first heap   total 312320K, used 156000K [0x0000000080000000, 0x0000000100000000)
  region size 1024K, 15 young (15360K), 4 survivors (4096K)
 Metaspace       used 102126K, capacity 104720K, committed 105600K, reserved 1140736K
  class space    used 12715K, capacity 13704K, committed 14028K, reserved 1048576K
}
Event: 100.317 GC heap after
{Heap after GC invocations=29 (full 0):
 garbage-first heap   total 312320K, used 142901K [0x0000000080000000, 0x0000000100000000)
  region size 1024K, 2 young (2048K), 2 survivors (2048K)
 Metaspace       used 102126K, capacity 104720K, committed 105600K, reserved 1140736K
  class space    used 12715K, capacity 13704K, committed 14028K, reserved 1048576K
}
Event: 113.823 GC heap before
{Heap before GC invocations=29 (full 0):
 garbage-first heap   total 312320K, used 236085K [0x0000000080000000, 0x0000000100000000)
  region size 1024K, 94 young (96256K), 2 survivors (2048K)
 Metaspace       used 103024K, capacity 105717K, committed 106368K, reserved 1142784K
  class space    used 12773K, capacity 13766K, committed 14028K, reserved 1048576K
}
Event: 113.834 GC heap after
{Heap after GC invocations=30 (full 0):
 garbage-first heap   total 312320K, used 147835K [0x0000000080000000, 0x0000000100000000)
  region size 1024K, 6 young (6144K), 6 survivors (6144K)
 Metaspace       used 103024K, capacity 105717K, committed 106368K, reserved 1142784K
  class space    used 12773K, capacity 13766K, committed 14028K, reserved 1048576K
}
Event: 114.570 GC heap before
{Heap before GC invocations=31 (full 0):
 garbage-first heap   total 312320K, used 229376K [0x0000000080000000, 0x0000000100000000)
  region size 1024K, 99 young (101376K), 6 survivors (6144K)
 Metaspace       used 103082K, capacity 105751K, committed 106368K, reserved 1142784K
  class space    used 12779K, capacity 13776K, committed 14028K, reserved 1048576K
}
Event: 114.584 GC heap after
{Heap after GC invocations=32 (full 0):
 garbage-first heap   total 312320K, used 144384K [0x0000000080000000, 0x0000000100000000)
  region size 1024K, 13 young (13312K), 13 survivors (13312K)
 Metaspace       used 103082K, capacity 105751K, committed 106368K, reserved 1142784K
  class space    used 12779K, capacity 13776K, committed 14028K, reserved 1048576K
}
Event: 114.592 GC heap before
{Heap before GC invocations=32 (full 0):
 garbage-first heap   total 312320K, used 146432K [0x0000000080000000, 0x0000000100000000)
  region size 1024K, 15 young (15360K), 13 survivors (13312K)
 Metaspace       used 103082K, capacity 105751K, committed 106368K, reserved 1142784K
  class space    used 12779K, capacity 13776K, committed 14028K, reserved 1048576K
}
Event: 114.603 GC heap after
{Heap after GC invocations=33 (full 0):
 garbage-first heap   total 312320K, used 133459K [0x0000000080000000, 0x0000000100000000)
  region size 1024K, 2 young (2048K), 2 survivors (2048K)
 Metaspace       used 103082K, capacity 105751K, committed 106368K, reserved 1142784K
  class space    used 12779K, capacity 13776K, committed 14028K, reserved 1048576K
}
Event: 115.189 GC heap before
{Heap before GC invocations=33 (full 0):
 garbage-first heap   total 312320K, used 240979K [0x0000000080000000, 0x0000000100000000)
  region size 1024K, 99 young (101376K), 2 survivors (2048K)
 Metaspace       used 103185K, capacity 105815K, committed 106368K, reserved 1142784K
  class space    used 12779K, capacity 13776K, committed 14028K, reserved 1048576K
}
Event: 115.201 GC heap after
{Heap after GC invocations=34 (full 0):
 garbage-first heap   total 312320K, used 147060K [0x0000000080000000, 0x0000000100000000)
  region size 1024K, 13 young (13312K), 13 survivors (13312K)
 Metaspace       used 103185K, capacity 105815K, committed 106368K, reserved 1142784K
  class space    used 12779K, capacity 13776K, committed 14028K, reserved 1048576K
}
Event: 115.460 GC heap before
{Heap before GC invocations=34 (full 0):
 garbage-first heap   total 312320K, used 256628K [0x0000000080000000, 0x0000000100000000)
  region size 1024K, 104 young (106496K), 13 survivors (13312K)
 Metaspace       used 103255K, capacity 105897K, committed 106368K, reserved 1142784K
  class space    used 12780K, capacity 13779K, committed 14028K, reserved 1048576K
}
Event: 115.470 GC heap after
{Heap after GC invocations=35 (full 0):
 garbage-first heap   total 312320K, used 152223K [0x0000000080000000, 0x0000000100000000)
  region size 1024K, 5 young (5120K), 5 survivors (5120K)
 Metaspace       used 103255K, capacity 105897K, committed 106368K, reserved 1142784K
  class space    used 12780K, capacity 13779K, committed 14028K, reserved 1048576K
}
Event: 115.773 GC heap before
{Heap before GC invocations=35 (full 0):
 garbage-first heap   total 312320K, used 244383K [0x0000000080000000, 0x0000000100000000)
  region size 1024K, 96 young (98304K), 5 survivors (5120K)
 Metaspace       used 103775K, capacity 106516K, committed 106880K, reserved 1142784K
  class space    used 12817K, capacity 13832K, committed 14028K, reserved 1048576K
}
Event: 115.785 GC heap after
{Heap after GC invocations=36 (full 0):
 garbage-first heap   total 312320K, used 161038K [0x0000000080000000, 0x0000000100000000)
  region size 1024K, 12 young (12288K), 12 survivors (12288K)
 Metaspace       used 103775K, capacity 106516K, committed 106880K, reserved 1142784K
  class space    used 12817K, capacity 13832K, committed 14028K, reserved 1048576K
}

