# JRE version: OpenJDK Runtime Environment (11.0.11+9) (build 11.0.11+9-b60-7590822)
# Java VM: OpenJDK 64-Bit Server VM (11.0.11+9-b60-7590822, mixed mode, tiered, compressed oops, g1 gc, windows-amd64)
Heap:
 garbage-first heap   total 312320K, used 186689K [0x0000000080000000, 0x0000000100000000)
  region size 1024K, 66 young (67584K), 3 survivors (3072K)
 Metaspace       used 128201K, capacity 132066K, committed 132224K, reserved 1165312K
  class space    used 15866K, capacity 17296K, committed 17356K, reserved 1048576K
GC Heap History (20 events):
Event: 2740.508 GC heap before
{Heap before GC invocations=52 (full 0):
 garbage-first heap   total 312320K, used 154971K [0x0000000080000000, 0x0000000100000000)
  region size 1024K, 29 young (29696K), 1 survivors (1024K)
 Metaspace       used 125924K, capacity 129320K, committed 130432K, reserved 1163264K
  class space    used 15618K, capacity 16890K, committed 17356K, reserved 1048576K
}
Event: 2740.514 GC heap after
{Heap after GC invocations=53 (full 0):
 garbage-first heap   total 312320K, used 128786K [0x0000000080000000, 0x0000000100000000)
  region size 1024K, 2 young (2048K), 2 survivors (2048K)
 Metaspace       used 125924K, capacity 129320K, committed 130432K, reserved 1163264K
  class space    used 15618K, capacity 16890K, committed 17356K, reserved 1048576K
}
Event: 2770.669 GC heap before
{Heap before GC invocations=54 (full 0):
 garbage-first heap   total 312320K, used 277266K [0x0000000080000000, 0x0000000100000000)
  region size 1024K, 109 young (111616K), 2 survivors (2048K)
 Metaspace       used 126127K, capacity 129526K, committed 130432K, reserved 1163264K
  class space    used 15620K, capacity 16892K, committed 17356K, reserved 1048576K
}
Event: 2770.677 GC heap after
{Heap after GC invocations=55 (full 0):
 garbage-first heap   total 312320K, used 132836K [0x0000000080000000, 0x0000000100000000)
  region size 1024K, 8 young (8192K), 8 survivors (8192K)
 Metaspace       used 126127K, capacity 129526K, committed 130432K, reserved 1163264K
  class space    used 15620K, capacity 16892K, committed 17356K, reserved 1048576K
}
Event: 2770.717 GC heap before
{Heap before GC invocations=55 (full 0):
 garbage-first heap   total 312320K, used 140004K [0x0000000080000000, 0x0000000100000000)
  region size 1024K, 15 young (15360K), 8 survivors (8192K)
 Metaspace       used 126135K, capacity 129527K, committed 130432K, reserved 1163264K
  class space    used 15620K, capacity 16892K, committed 17356K, reserved 1048576K
}
Event: 2770.733 GC heap after
{Heap after GC invocations=56 (full 0):
 garbage-first heap   total 312320K, used 122894K [0x0000000080000000, 0x0000000100000000)
  region size 1024K, 2 young (2048K), 2 survivors (2048K)
 Metaspace       used 126135K, capacity 129527K, committed 130432K, reserved 1163264K
  class space    used 15620K, capacity 16892K, committed 17356K, reserved 1048576K
}
Event: 2772.143 GC heap before
{Heap before GC invocations=56 (full 0):
 garbage-first heap   total 312320K, used 205838K [0x0000000080000000, 0x0000000100000000)
  region size 1024K, 85 young (87040K), 2 survivors (2048K)
 Metaspace       used 126203K, capacity 129542K, committed 130432K, reserved 1163264K
  class space    used 15621K, capacity 16894K, committed 17356K, reserved 1048576K
}
Event: 2772.157 GC heap after
{Heap after GC invocations=57 (full 0):
 garbage-first heap   total 312320K, used 127059K [0x0000000080000000, 0x0000000100000000)
  region size 1024K, 6 young (6144K), 6 survivors (6144K)
 Metaspace       used 126203K, capacity 129542K, committed 130432K, reserved 1163264K
  class space    used 15621K, capacity 16894K, committed 17356K, reserved 1048576K
}
Event: 2877.155 GC heap before
{Heap before GC invocations=58 (full 0):
 garbage-first heap   total 312320K, used 285779K [0x0000000080000000, 0x0000000100000000)
  region size 1024K, 121 young (123904K), 6 survivors (6144K)
 Metaspace       used 126876K, capacity 130554K, committed 130944K, reserved 1163264K
  class space    used 15719K, capacity 17074K, committed 17356K, reserved 1048576K
}
Event: 2877.165 GC heap after
{Heap after GC invocations=59 (full 0):
 garbage-first heap   total 312320K, used 130954K [0x0000000080000000, 0x0000000100000000)
  region size 1024K, 9 young (9216K), 9 survivors (9216K)
 Metaspace       used 126876K, capacity 130554K, committed 130944K, reserved 1163264K
  class space    used 15719K, capacity 17074K, committed 17356K, reserved 1048576K
}
Event: 2877.195 GC heap before
{Heap before GC invocations=59 (full 0):
 garbage-first heap   total 312320K, used 136074K [0x0000000080000000, 0x0000000100000000)
  region size 1024K, 15 young (15360K), 9 survivors (9216K)
 Metaspace       used 126951K, capacity 130642K, committed 130944K, reserved 1163264K
  class space    used 15734K, capacity 17103K, committed 17356K, reserved 1048576K
}
Event: 2877.210 GC heap after
{Heap after GC invocations=60 (full 0):
 garbage-first heap   total 312320K, used 121013K [0x0000000080000000, 0x0000000100000000)
  region size 1024K, 2 young (2048K), 2 survivors (2048K)
 Metaspace       used 126951K, capacity 130642K, committed 130944K, reserved 1163264K
  class space    used 15734K, capacity 17103K, committed 17356K, reserved 1048576K
}
Event: 2878.596 GC heap before
{Heap before GC invocations=60 (full 0):
 garbage-first heap   total 312320K, used 210101K [0x0000000080000000, 0x0000000100000000)
  region size 1024K, 91 young (93184K), 2 survivors (2048K)
 Metaspace       used 127348K, capacity 131165K, committed 131456K, reserved 1163264K
  class space    used 15816K, capacity 17254K, committed 17356K, reserved 1048576K
}
Event: 2878.604 GC heap after
{Heap after GC invocations=61 (full 0):
 garbage-first heap   total 312320K, used 125108K [0x0000000080000000, 0x0000000100000000)
  region size 1024K, 6 young (6144K), 6 survivors (6144K)
 Metaspace       used 127348K, capacity 131165K, committed 131456K, reserved 1163264K
  class space    used 15816K, capacity 17254K, committed 17356K, reserved 1048576K
}
Event: 2910.890 GC heap before
{Heap before GC invocations=62 (full 0):
 garbage-first heap   total 312320K, used 289972K [0x0000000080000000, 0x0000000100000000)
  region size 1024K, 127 young (130048K), 6 survivors (6144K)
 Metaspace       used 127601K, capacity 131446K, committed 131712K, reserved 1163264K
  class space    used 15819K, capacity 17258K, committed 17356K, reserved 1048576K
}
Event: 2910.898 GC heap after
{Heap after GC invocations=63 (full 0):
 garbage-first heap   total 312320K, used 129149K [0x0000000080000000, 0x0000000100000000)
  region size 1024K, 10 young (10240K), 10 survivors (10240K)
 Metaspace       used 127601K, capacity 131446K, committed 131712K, reserved 1163264K
  class space    used 15819K, capacity 17258K, committed 17356K, reserved 1048576K
}
Event: 2910.913 GC heap before
{Heap before GC invocations=63 (full 0):
 garbage-first heap   total 312320K, used 134269K [0x0000000080000000, 0x0000000100000000)
  region size 1024K, 15 young (15360K), 10 survivors (10240K)
 Metaspace       used 127601K, capacity 131446K, committed 131712K, reserved 1163264K
  class space    used 15819K, capacity 17258K, committed 17356K, reserved 1048576K
}
Event: 2910.927 GC heap after
{Heap after GC invocations=64 (full 0):
 garbage-first heap   total 312320K, used 123200K [0x0000000080000000, 0x0000000100000000)
  region size 1024K, 2 young (2048K), 2 survivors (2048K)
 Metaspace       used 127601K, capacity 131446K, committed 131712K, reserved 1163264K
  class space    used 15819K, capacity 17258K, committed 17356K, reserved 1048576K
}
Event: 2929.624 GC heap before
{Heap before GC invocations=64 (full 0):
 garbage-first heap   total 312320K, used 249152K [0x0000000080000000, 0x0000000100000000)
  region size 1024K, 126 young (129024K), 2 survivors (2048K)
 Metaspace       used 128119K, capacity 131999K, committed 132224K, reserved 1165312K
  class space    used 15866K, capacity 17296K, committed 17356K, reserved 1048576K
}
Event: 2929.637 GC heap after
{Heap after GC invocations=65 (full 0):
 garbage-first heap   total 312320K, used 124225K [0x0000000080000000, 0x0000000100000000)
  region size 1024K, 3 young (3072K), 3 survivors (3072K)
 Metaspace       used 128119K, capacity 131999K, committed 132224K, reserved 1165312K
  class space    used 15866K, capacity 17296K, committed 17356K, reserved 1048576K
}

